1578741333861	mozrunner::runner	INFO	Running command: "C:\\Program Files\\Mozilla Firefox\\firefox.exe" "-marionette" "-foreground" "-no-remote" "-profile" "C:\\Users\\anuj.teotia01\\AppData\\Local\\Temp\\rust_mozprofileAAlAqE"
1578741335147	addons.webextension.screenshots@mozilla.org	WARN	Loading extension 'screenshots@mozilla.org': Reading manifest: Invalid extension permission: mozillaAddons
1578741335147	addons.webextension.screenshots@mozilla.org	WARN	Loading extension 'screenshots@mozilla.org': Reading manifest: Invalid extension permission: telemetry
1578741335148	addons.webextension.screenshots@mozilla.org	WARN	Loading extension 'screenshots@mozilla.org': Reading manifest: Invalid extension permission: resource://pdf.js/
1578741335148	addons.webextension.screenshots@mozilla.org	WARN	Loading extension 'screenshots@mozilla.org': Reading manifest: Invalid extension permission: about:reader*
JavaScript error: resource://gre/modules/XULStore.jsm, line 66: Error: Can't find profile directory.
1578741339287	Marionette	INFO	Listening on port 55388
1578741339384	Marionette	WARN	TLS certificate errors will be ignored for this session
1578741345448	Marionette	WARN	TimedPromise timed out after 0 ms: stacktrace:
bail@chrome://marionette/content/sync.js:237:64
1578741345701	Marionette	WARN	TimedPromise timed out after 0 ms: stacktrace:
bail@chrome://marionette/content/sync.js:237:64
1578741345724	Marionette	WARN	TimedPromise timed out after 0 ms: stacktrace:
bail@chrome://marionette/content/sync.js:237:64
1578741345772	Marionette	WARN	TimedPromise timed out after 0 ms: stacktrace:
bail@chrome://marionette/content/sync.js:237:64
1578741345773	Marionette	WARN	TimedPromise timed out after 0 ms: stacktrace:
bail@chrome://marionette/content/sync.js:237:64
1578741348233	Marionette	INFO	Stopped listening on port 55388
[Parent 7248, Gecko_IOThread] WARNING: pipe error: 109: file z:/task_1575282935/build/src/ipc/chromium/src/chrome/common/ipc_channel_win.cc, line 341
[Child 9828, Chrome_ChildThread] WARNING: pipe error: 109: file z:/task_1575282935/build/src/ipc/chromium/src/chrome/common/ipc_channel_win.cc, line 341
[ChJavaScript error: https://www.google.com/xjs/_/js/k=xjs.s.nl.wkpWfrF7Dck.O/ck=xjs.s.0rfo-iBRJeg.L.F4.O/am=AAAAAIsAZt0AeP4PAgAAQB0DAAAC2gQbFgiChAyiwgQCEA/d=1/exm=Fkg7bd,HcFEGb,IvlUe,MC8mtf,OF7gzc,RMhBfe,T4BAC,TJw5qb,TbaHGc,Y33vzc,ZyRBae,cdos,cr,csi,d,hsm,iDPoPb,jsa,mvYTse,tg8oTe,uz938c,vWNDde,ws9Tlc,yQ43ff/ed=1/dg=2/ct=zgms/rs=ACT90oHzHLf_Lr9NBfcPOUeh_KvNKdNYaA/m=Adromf,AjzHGd,AoWCmc,ApBbid,DGEKAc,EPszLb,Fao4hd,GxIAgd,Kq2OKc,MkHyGd,NBZ7u,NpD4ec,OG6ZHd,Qk9j1d,RqxLvf,T6sTsf,T7XTS,TSg3Td,TrMQ4c,TxZWcc,URQPYc,VugqBb,WgDvvc,Wq6lxf,YbyZt,ZDfS0b,aCZVp,aa,aam1T,abd,async,bgd,dpu,dv7Bfe,dvl,eN4qad,eil,exdc,foot,kyn,lazG7b,lii,ljqMqb,lor,lorw,lu,m,mI3LFb,mUpTid,moh,mpck,mu,n9dl9c,o02Jie,oh,ohl,pB6Zqd,pe,pg0znb,qik19b,rHjpXd,sQAo4b,sb_wiz,sf,shrb,tl,uiNkee,vs,xz7cCd,yyqeUd,zbML3c?xjs=s1, line 2379: NS_ERROR_NOT_INITIALIZED: 
[Child 12248, Chrome_ChildThread] WARNING: pipe error: 109: file z:/task_1575282935/build/src/ipc/chromium/src/chrome/common/ipc_channel_win.cc, line 341
[Child 12248, Chrome_ChildThread] WARNING: pipe error: 109: file z:/task_1575282935/build/src/ipc/chromium/src/chrome/common/ipc_channel_win.cc, line 341
[Parent 7248, Gecko_IOThread] WARNING: pipe error: 109: file z:/task_1575282935/build/src/ipc/chromium/src/chrome/common/ipc_channel_win.cc, line 341
[Child 3124, Chrome_ChildThread] WARNING: pipe error: 109: file z:/task_1575282935/build/src/ipc/chromium/src/chrome/common/ipc_channel_win.cc, line 341
[Child 31
###!!! [Child][RunMessage] Error: Channel closing: too late to send/recv, messages will be lost

[GPU 13184,
###!!! [Child][MessageChannel::SendAndWait] Error: Channel error: cannot send/recv

